#
# A fatal error has been detected by the Java Runtime Environment:
#
#  EXCEPTION_ACCESS_VIOLATION (0xc0000005) at pc=0x00007ffb4ebd6587, pid=14792, tid=20424
#
# JRE version: OpenJDK Runtime Environment Corretto-17.0.9.8.1 (17.0.9+8) (build 17.0.9+8-LTS)
# Java VM: OpenJDK 64-Bit Server VM Corretto-17.0.9.8.1 (17.0.9+8-LTS, mixed mode, sharing, tiered, compressed oops, compressed class ptrs, g1 gc, windows-amd64)
# Problematic frame:
# C  [glass.dll+0x26587]
#
# No core dump will be written. Minidumps are not enabled by default on client versions of Windows
#
# If you would like to submit a bug report, please visit:
#   https://github.com/corretto/corretto-17/issues/
#

---------------  S U M M A R Y ------------

Command Line: -agentlib:jdwp=transport=dt_socket,address=127.0.0.1:60609,suspend=y,server=n -javaagent:C:\Users\fiona\AppData\Local\JetBrains\IntelliJIdea2023.2\captureAgent\debugger-agent.jar -Dfile.encoding=UTF-8 cs308.group7.usms.App

Host: AMD Ryzen 7 5700U with Radeon Graphics         , 16 cores, 7G,  Windows 11 , 64 bit Build 22621 (10.0.22621.2506)
Time: Fri Nov 24 17:08:28 2023 GMT Standard Time elapsed time: 336.424380 seconds (0d 0h 5m 36s)

---------------  T H R E A D  ---------------

Current thread (0x000001b19cf3e540):  VMThread "VM Thread" [stack: 0x0000000185900000,0x0000000185a00000] [id=20424]

Stack: [0x0000000185900000,0x0000000185a00000],  sp=0x00000001859ff460,  free space=1021k
Native frames: (J=compiled Java code, j=interpreted, Vv=VM code, C=native code)
C  [glass.dll+0x26587]


siginfo: EXCEPTION_ACCESS_VIOLATION (0xc0000005), reading address 0x0000000000000000


Registers:
RAX=0x0000000000000000, RBX=0x000001b1e3e71f58, RCX=0x000001b19cf3e540, RDX=0x00000001859ff460
RSP=0x00000001859ff460, RBP=0x000001b1e2c3acf8, RSI=0x00000001859ff568, RDI=0x000001b1e2c3acd0
R8 =0x0000000000010002, R9 =0x000001b1e2c3acd0, R10=0x85f13e9656da4870, R11=0x00000001859ff3f0
R12=0x00007ffb4ebd3ed0, R13=0x00007ffaff24d820, R14=0x0000d68e15c3f150, R15=0x000001b1e2c3acd0
RIP=0x00007ffb4ebd6587, EFLAGS=0x0000000000010202


Register to memory mapping:

RIP=0x00007ffb4ebd6587 glass.dll
RAX=0x0 is NULL
RBX=0x000001b1e3e71f58 is a global jni handle
RCX=0x000001b19cf3e540 points into unknown readable memory: 0x00007ffaff07d788 | 88 d7 07 ff fa 7f 00 00
RDX=0x00000001859ff460 points into unknown readable memory: 0x0000000000000000 | 00 00 00 00 00 00 00 00
RSP=0x00000001859ff460 points into unknown readable memory: 0x0000000000000000 | 00 00 00 00 00 00 00 00
RBP=0x000001b1e2c3acf8 points into unknown readable memory: 0x0000d68e15c3f150 | 50 f1 c3 15 8e d6 00 00
RSI=0x00000001859ff568 points into unknown readable memory: 0x00000001859ff550 | 50 f5 9f 85 01 00 00 00
RDI=0x000001b1e2c3acd0 points into unknown readable memory: 0x7ffb98332c2bf150 | 50 f1 2b 2c 33 98 fb 7f
R8 =0x0000000000010002 is an unknown value
R9 =0x000001b1e2c3acd0 points into unknown readable memory: 0x7ffb98332c2bf150 | 50 f1 2b 2c 33 98 fb 7f
R10=0x85f13e9656da4870 is an unknown value
R11=0x00000001859ff3f0 points into unknown readable memory: 0x000001b1e2c3acd0 | d0 ac c3 e2 b1 01 00 00
R12=0x00007ffb4ebd3ed0 glass.dll
R13=0x00007ffaff24d820 jvm.dll
R14=0x0000d68e15c3f150 is an unknown value
R15=0x000001b1e2c3acd0 points into unknown readable memory: 0x7ffb98332c2bf150 | 50 f1 2b 2c 33 98 fb 7f


Top of Stack: (sp=0x00000001859ff460)
0x00000001859ff460:   0000000000000000 00000001859ff568
0x00000001859ff470:   00007ffaff24d820 00007ffb4ebd3ed0
0x00000001859ff480:   000001b1e2c3acd8 00007ffb5e833a83
0x00000001859ff490:   000001b1e2c3acd0 000001b100000000
0x00000001859ff4a0:   000001b1e2c3acf8 00000001859ff568
0x00000001859ff4b0:   fffffffffffffffe 0000000000000000
0x00000001859ff4c0:   0000000000000001 00007ffb4ebb0000
0x00000001859ff4d0:   00000001859ff558 00007ffb5e80006e
0x00000001859ff4e0:   0000000000000000 00000001859ff568
0x00000001859ff4f0:   00000001859ff850 0000000000000001
0x00000001859ff500:   0000000000000001 00007ffb5e7fda1d
0x00000001859ff510:   0000000000000000 00007ffb4ebd36c9
0x00000001859ff520:   00007ffaff24d820 00000001859ff558
0x00000001859ff530:   fffffffffffffffe 00007ffb6141f9ed
0x00000001859ff540:   0000000000000000 00007ffb4ebd3d5d
0x00000001859ff550:   00007ffb4ebea008 00007ffb00000002
0x00000001859ff560:   000001b100000002 00000001859ff550
0x00000001859ff570:   000001b1e3aa1200 00007ffb61418603
0x00000001859ff580:   0000000000000000 00007ffb4ebd3e82
0x00000001859ff590:   0000000000000001 00007ffb5dea0000
0x00000001859ff5a0:   0000000000000001 00007ffb5dea5277
0x00000001859ff5b0:   00007ffb5dea0000 00000001859ff850
0x00000001859ff5c0:   0000000000000001 00007ffb5d6a0000
0x00000001859ff5d0:   00007ffb4ebb0000 000000007ffe0384
0x00000001859ff5e0:   0000000000000000 00007ffb6141869f
0x00000001859ff5f0:   00007ffb4ebb0000 0000000000000000
0x00000001859ff600:   0000000000000001 000000007ffe0385
0x00000001859ff610:   0000000000000000 00007ffb614412e9
0x00000001859ff620:   0000d84ed7df4600 0000000000000014
0x00000001859ff630:   00007ffb4ebd3ed0 0000000000000000
0x00000001859ff640:   0000000000000000 0000000184f9b000
0x00000001859ff650:   000001b1e2c1d120 00007ffb614410a6 

Instructions: (pc=0x00007ffb4ebd6587)
0x00007ffb4ebd6487:   8b 4d 58 e8 8d cf ff ff 48 8b 4d 60 e8 84 cf ff
0x00007ffb4ebd6497:   ff 48 8b 95 80 00 00 00 48 8b 8d 18 01 00 00 e8
0x00007ffb4ebd64a7:   76 c4 ff ff 33 d2 33 c9 e8 cc e1 ff ff 90 48 89
0x00007ffb4ebd64b7:   54 24 10 55 48 83 ec 20 48 8b ea 48 b8 00 00 00
0x00007ffb4ebd64c7:   00 00 00 00 00 48 83 c4 20 5d c3 cc 40 55 48 8b
0x00007ffb4ebd64d7:   ea 48 8b 01 33 c9 81 38 05 00 00 c0 0f 94 c1 8b
0x00007ffb4ebd64e7:   c1 5d c3 cc 40 55 48 83 ec 20 48 8b ea 8a 4d 40
0x00007ffb4ebd64f7:   48 83 c4 20 5d e9 73 d3 ff ff cc 40 55 48 83 ec
0x00007ffb4ebd6507:   20 48 8b ea 8a 4d 20 e8 61 d3 ff ff 90 48 83 c4
0x00007ffb4ebd6517:   20 5d c3 cc 40 55 48 83 ec 20 48 8b ea 48 83 c4
0x00007ffb4ebd6527:   20 5d e9 c2 d1 ff ff cc 40 55 48 83 ec 30 48 8b
0x00007ffb4ebd6537:   ea 48 8b 01 8b 10 48 89 4c 24 28 89 54 24 20 4c
0x00007ffb4ebd6547:   8d 0d 63 d6 ff ff 4c 8b 45 70 8b 55 68 48 8b 4d
0x00007ffb4ebd6557:   60 e8 03 d1 ff ff 90 48 83 c4 30 5d c3 cc cc cc
0x00007ffb4ebd6567:   cc cc cc cc cc cc cc cc cc 40 53 48 83 ec 20 48
0x00007ffb4ebd6577:   8b 1d 8b 34 01 00 48 85 db 74 16 e8 89 8f ff ff
0x00007ffb4ebd6587:   4c 8b 00 48 8b d3 48 8b c8 41 ff 90 b0 00 00 00
0x00007ffb4ebd6597:   90 48 83 c4 20 5b c3 cc cc 40 53 48 83 ec 20 48
0x00007ffb4ebd65a7:   8b 1d fb 35 01 00 48 85 db 74 57 b8 ff ff ff ff
0x00007ffb4ebd65b7:   f0 0f c1 43 10 83 f8 01 75 3d 48 85 db 74 38 48
0x00007ffb4ebd65c7:   8b 0b 48 85 c9 74 0d ff 15 d4 0c 00 00 48 c7 03
0x00007ffb4ebd65d7:   00 00 00 00 48 8b 4b 08 48 85 c9 74 0d e8 33 ce
0x00007ffb4ebd65e7:   ff ff 48 c7 43 08 00 00 00 00 ba 18 00 00 00 48
0x00007ffb4ebd65f7:   8b cb e8 1e ce ff ff 48 c7 05 9f 35 01 00 00 00
0x00007ffb4ebd6607:   00 00 48 83 c4 20 5b c3 cc 40 53 48 83 ec 20 48
0x00007ffb4ebd6617:   8b 1d 6b 35 01 00 48 85 db 74 57 b8 ff ff ff ff
0x00007ffb4ebd6627:   f0 0f c1 43 10 83 f8 01 75 3d 48 85 db 74 38 48
0x00007ffb4ebd6637:   8b 0b 48 85 c9 74 0d ff 15 64 0c 00 00 48 c7 03
0x00007ffb4ebd6647:   00 00 00 00 48 8b 4b 08 48 85 c9 74 0d e8 c3 cd
0x00007ffb4ebd6657:   ff ff 48 c7 43 08 00 00 00 00 ba 18 00 00 00 48
0x00007ffb4ebd6667:   8b cb e8 ae cd ff ff 48 c7 05 0f 35 01 00 00 00
0x00007ffb4ebd6677:   00 00 48 83 c4 20 5b c3 cc 40 53 48 83 ec 20 48 


Stack slot to memory mapping:
stack at sp + 0 slots: 0x0 is NULL
stack at sp + 1 slots: 0x00000001859ff568 points into unknown readable memory: 0x00000001859ff550 | 50 f5 9f 85 01 00 00 00
stack at sp + 2 slots: 0x00007ffaff24d820 jvm.dll
stack at sp + 3 slots: 0x00007ffb4ebd3ed0 glass.dll
stack at sp + 4 slots: 0x000001b1e2c3acd8 points into unknown readable memory: 0x0000d68e15c3f150 | 50 f1 c3 15 8e d6 00 00
stack at sp + 5 slots: 0x00007ffb5e833a83 ucrtbase.dll
stack at sp + 6 slots: 0x000001b1e2c3acd0 points into unknown readable memory: 0x7ffb98332c2bf150 | 50 f1 2b 2c 33 98 fb 7f
stack at sp + 7 slots: 0x000001b100000000 is an unknown value

VM_Operation (0x00000001851fefa0): Exit, mode: safepoint, requested by thread 0x000001b1e42b6a50


---------------  P R O C E S S  ---------------

Threads class SMR info:
_java_thread_list=0x000001b1e3771090, length=22, elements={
0x000001b1fe5d1160, 0x000001b19cf45060, 0x000001b19cf45ce0, 0x000001b19cf5bb70,
0x000001b19cf5c740, 0x000001b19cf5d100, 0x000001b19cf5e400, 0x000001b19cf6ade0,
0x000001b19cf70330, 0x000001b1e2187e40, 0x000001b1e2265a50, 0x000001b1e22acde0,
0x000001b1e23f8f20, 0x000001b1e2bf0df0, 0x000001b1e2cac3d0, 0x000001b1e2cb15c0,
0x000001b1e35a2c80, 0x000001b1e3a3e710, 0x000001b1e42b6030, 0x000001b1e42b6540,
0x000001b1e42b5100, 0x000001b1e42b6a50
}

Java Threads: ( => current thread )
  0x000001b1fe5d1160 JavaThread "main" [_thread_blocked, id=23280, stack(0x0000000185300000,0x0000000185400000)]
  0x000001b19cf45060 JavaThread "Reference Handler" daemon [_thread_blocked, id=3216, stack(0x0000000185a00000,0x0000000185b00000)]
  0x000001b19cf45ce0 JavaThread "Finalizer" daemon [_thread_blocked, id=6224, stack(0x0000000185b00000,0x0000000185c00000)]
  0x000001b19cf5bb70 JavaThread "Attach Listener" daemon [_thread_blocked, id=4064, stack(0x0000000185d00000,0x0000000185e00000)]
  0x000001b19cf5c740 JavaThread "Service Thread" daemon [_thread_blocked, id=15128, stack(0x0000000185e00000,0x0000000185f00000)]
  0x000001b19cf5d100 JavaThread "Monitor Deflation Thread" daemon [_thread_blocked, id=11076, stack(0x0000000185f00000,0x0000000186000000)]
  0x000001b19cf5e400 JavaThread "C2 CompilerThread0" daemon [_thread_blocked, id=13740, stack(0x0000000186000000,0x0000000186100000)]
  0x000001b19cf6ade0 JavaThread "C1 CompilerThread0" daemon [_thread_blocked, id=21688, stack(0x0000000186100000,0x0000000186200000)]
  0x000001b19cf70330 JavaThread "Sweeper thread" daemon [_thread_blocked, id=14500, stack(0x0000000186200000,0x0000000186300000)]
  0x000001b1e2187e40 JavaThread "Common-Cleaner" daemon [_thread_blocked, id=7720, stack(0x0000000186300000,0x0000000186400000)]
  0x000001b1e2265a50 JavaThread "JDWP Event Helper Thread" daemon [_thread_blocked, id=20784, stack(0x0000000186800000,0x0000000186900000)]
  0x000001b1e22acde0 JavaThread "Notification Thread" daemon [_thread_blocked, id=8900, stack(0x0000000186600000,0x0000000186700000)]
  0x000001b1e23f8f20 JavaThread "JavaFX-Launcher" [_thread_blocked, id=22796, stack(0x0000000186b00000,0x0000000186c00000)]
  0x000001b1e2bf0df0 JavaThread "QuantumRenderer-0" daemon [_thread_blocked, id=22896, stack(0x0000000186c00000,0x0000000186d00000)]
  0x000001b1e2cac3d0 JavaThread "InvokeLaterDispatcher" daemon [_thread_blocked, id=11476, stack(0x0000000186f00000,0x0000000187000000)]
  0x000001b1e2cb15c0 JavaThread "JavaFX Application Thread" [_thread_blocked, id=21100, stack(0x0000000187000000,0x0000000187100000)]
  0x000001b1e35a2c80 JavaThread "Thread-2" daemon [_thread_in_native, id=18604, stack(0x0000000188600000,0x0000000188700000)]
  0x000001b1e3a3e710 JavaThread "Prism Font Disposer" daemon [_thread_blocked, id=17476, stack(0x0000000188900000,0x0000000188a00000)]
  0x000001b1e42b6030 JavaThread "Cleaner-0" daemon [_thread_blocked, id=24960, stack(0x0000000189100000,0x0000000189200000)]
  0x000001b1e42b6540 JavaThread "mysql-cj-abandoned-connection-cleanup" daemon [_thread_blocked, id=24136, stack(0x0000000189300000,0x0000000189400000)]
  0x000001b1e42b5100 JavaThread "HikariPool-1 housekeeper" daemon [_thread_blocked, id=16496, stack(0x0000000189400000,0x0000000189500000)]
  0x000001b1e42b6a50 JavaThread "SIGINT handler" daemon [_thread_blocked, id=22536, stack(0x0000000185100000,0x0000000185200000)]

Other Threads:
=>0x000001b19cf3e540 VMThread "VM Thread" [stack: 0x0000000185900000,0x0000000185a00000] [id=20424]
  0x000001b1fe6288a0 GCTaskThread "GC Thread#0" [stack: 0x0000000185400000,0x0000000185500000] [id=7984]
  0x000001b1e3560490 GCTaskThread "GC Thread#1" [stack: 0x0000000187b00000,0x0000000187c00000] [id=11580]
  0x000001b1e3560750 GCTaskThread "GC Thread#2" [stack: 0x0000000187c00000,0x0000000187d00000] [id=24736]
  0x000001b1e3560a10 GCTaskThread "GC Thread#3" [stack: 0x0000000187d00000,0x0000000187e00000] [id=17416]
  0x000001b1e3560cd0 GCTaskThread "GC Thread#4" [stack: 0x0000000187e00000,0x0000000187f00000] [id=24912]
  0x000001b1e3548660 GCTaskThread "GC Thread#5" [stack: 0x0000000187f00000,0x0000000188000000] [id=11032]
  0x000001b1e3553df0 GCTaskThread "GC Thread#6" [stack: 0x0000000188000000,0x0000000188100000] [id=23200]
  0x000001b1e35540b0 GCTaskThread "GC Thread#7" [stack: 0x0000000188100000,0x0000000188200000] [id=15296]
  0x000001b1e3575de0 GCTaskThread "GC Thread#8" [stack: 0x0000000188200000,0x0000000188300000] [id=21928]
  0x000001b1e35760a0 GCTaskThread "GC Thread#9" [stack: 0x0000000188300000,0x0000000188400000] [id=21616]
  0x000001b1e3576360 GCTaskThread "GC Thread#10" [stack: 0x0000000188400000,0x0000000188500000] [id=22308]
  0x000001b1e3576620 GCTaskThread "GC Thread#11" [stack: 0x0000000188500000,0x0000000188600000] [id=22656]
  0x000001b1e3d172d0 GCTaskThread "GC Thread#12" [stack: 0x0000000188a00000,0x0000000188b00000] [id=22956]
  0x000001b1fe638370 ConcurrentGCThread "G1 Main Marker" terminated
  0x000001b1fe638d90 ConcurrentGCThread "G1 Conc#0" [stack: 0x0000000185600000,0x0000000185700000] [id=22904]
  0x000001b1e3d17590 ConcurrentGCThread "G1 Conc#1" [stack: 0x0000000186500000,0x0000000186600000] [id=18176]
  0x000001b1e3d17dd0 ConcurrentGCThread "G1 Conc#2" [stack: 0x0000000189200000,0x0000000189300000] [id=24896]
  0x000001b19cdfa9b0 ConcurrentGCThread "G1 Refine#0" terminated
  0x000001b19cdfb3e0 ConcurrentGCThread "G1 Service" terminated

Threads with active compile tasks:
C2 CompilerThread0  
[error occurred during error reporting (printing all threads), id 0xc0000005, EXCEPTION_ACCESS_VIOLATION (0xc0000005) at pc=0x00007ffafee823a3]

VM state: at safepoint (shutting down)

VM Mutex/Monitor currently owned by a thread:  ([mutex/lock_event])
[0x000001b1fe5cb3f0] Threads_lock - owner thread: 0x000001b19cf3e540
[0x000001b1fe5cc560] Heap_lock - owner thread: 0x000001b1e42b6a50

Heap address: 0x000000008a400000, size: 1884 MB, Compressed Oops mode: 32-bit

CDS archive(s) mapped at: [0x000001b19d000000-0x000001b19dba0000-0x000001b19dba0000), size 12189696, SharedBaseAddress: 0x000001b19d000000, ArchiveRelocationMode: 1.
Compressed class space mapped at: 0x000001b19e000000-0x000001b1de000000, reserved size: 1073741824
Narrow klass base: 0x000001b19d000000, Narrow klass shift: 0, Narrow klass range: 0x100000000

GC Precious Log:
 CPUs: 16 total, 16 available
 Memory: 7528M
 Large Page Support: Disabled
 NUMA Support: Disabled
 Compressed Oops: Enabled (32-bit)
 Heap Region Size: 1M
 Heap Min Capacity: 8M
 Heap Initial Capacity: 118M
 Heap Max Capacity: 1884M
 Pre-touch: Disabled
 Parallel Workers: 13
 Concurrent Workers: 3
 Concurrent Refinement Workers: 13
 Periodic GC: Disabled

Heap:
 garbage-first heap   total 51200K, used 26314K [0x000000008a400000, 0x0000000100000000)
  region size 1024K, 9 young (9216K), 3 survivors (3072K)
 Metaspace       used 31132K, committed 31424K, reserved 1114112K
  class space    used 4027K, committed 4160K, reserved 1048576K

Heap Regions: E=young(eden), S=young(survivor), O=old, HS=humongous(starts), HC=humongous(continues), CS=collection set, F=free, OA=open archive, CA=closed archive, TAMS=top-at-mark-start (previous, next)
|   0|0x000000008a400000, 0x000000008a500000, 0x000000008a500000|100%| O|  |TAMS 0x000000008a500000, 0x000000008a400000| Untracked 
|   1|0x000000008a500000, 0x000000008a600000, 0x000000008a600000|100%| O|  |TAMS 0x000000008a600000, 0x000000008a500000| Untracked 
|   2|0x000000008a600000, 0x000000008a700000, 0x000000008a700000|100%| O|  |TAMS 0x000000008a700000, 0x000000008a600000| Untracked 
|   3|0x000000008a700000, 0x000000008a800000, 0x000000008a800000|100%| O|  |TAMS 0x000000008a800000, 0x000000008a700000| Untracked 
|   4|0x000000008a800000, 0x000000008a900000, 0x000000008a900000|100%|HS|  |TAMS 0x000000008a800000, 0x000000008a800000| Complete 
|   5|0x000000008a900000, 0x000000008aa00000, 0x000000008aa00000|100%|HS|  |TAMS 0x000000008aa00000, 0x000000008a900000| Complete 
|   6|0x000000008aa00000, 0x000000008ab00000, 0x000000008ab00000|100%|HC|  |TAMS 0x000000008ab00000, 0x000000008aa00000| Complete 
|   7|0x000000008ab00000, 0x000000008ac00000, 0x000000008ac00000|100%| O|  |TAMS 0x000000008ab00000, 0x000000008ab00000| Untracked 
|   8|0x000000008ac00000, 0x000000008ad00000, 0x000000008ad00000|100%| O|  |TAMS 0x000000008ac00000, 0x000000008ac00000| Untracked 
|   9|0x000000008ad00000, 0x000000008ae00000, 0x000000008ae00000|100%| O|  |TAMS 0x000000008ad00000, 0x000000008ad00000| Untracked 
|  10|0x000000008ae00000, 0x000000008af00000, 0x000000008af00000|100%| O|  |TAMS 0x000000008ae00000, 0x000000008ae00000| Untracked 
|  11|0x000000008af00000, 0x000000008b000000, 0x000000008b000000|100%| O|  |TAMS 0x000000008af00000, 0x000000008af00000| Untracked 
|  12|0x000000008b000000, 0x000000008b100000, 0x000000008b100000|100%| O|  |TAMS 0x000000008b000000, 0x000000008b000000| Untracked 
|  13|0x000000008b100000, 0x000000008b200000, 0x000000008b200000|100%| O|  |TAMS 0x000000008b100000, 0x000000008b100000| Untracked 
|  14|0x000000008b200000, 0x000000008b300000, 0x000000008b300000|100%| O|  |TAMS 0x000000008b200000, 0x000000008b200000| Untracked 
|  15|0x000000008b300000, 0x000000008b400000, 0x000000008b400000|100%| O|  |TAMS 0x000000008b300000, 0x000000008b300000| Untracked 
|  16|0x000000008b400000, 0x000000008b500000, 0x000000008b500000|100%| O|  |TAMS 0x000000008b400000, 0x000000008b400000| Untracked 
|  17|0x000000008b500000, 0x000000008b5b2800, 0x000000008b600000| 69%| O|  |TAMS 0x000000008b500000, 0x000000008b500000| Untracked 
|  18|0x000000008b600000, 0x000000008b600000, 0x000000008b700000|  0%| F|  |TAMS 0x000000008b600000, 0x000000008b600000| Untracked 
|  19|0x000000008b700000, 0x000000008b700000, 0x000000008b800000|  0%| F|  |TAMS 0x000000008b700000, 0x000000008b700000| Untracked 
|  20|0x000000008b800000, 0x000000008b800000, 0x000000008b900000|  0%| F|  |TAMS 0x000000008b800000, 0x000000008b800000| Untracked 
|  21|0x000000008b900000, 0x000000008b900000, 0x000000008ba00000|  0%| F|  |TAMS 0x000000008b900000, 0x000000008b900000| Untracked 
|  22|0x000000008ba00000, 0x000000008ba00000, 0x000000008bb00000|  0%| F|  |TAMS 0x000000008ba00000, 0x000000008ba00000| Untracked 
|  23|0x000000008bb00000, 0x000000008bb00000, 0x000000008bc00000|  0%| F|  |TAMS 0x000000008bb00000, 0x000000008bb00000| Untracked 
|  24|0x000000008bc00000, 0x000000008bc00000, 0x000000008bd00000|  0%| F|  |TAMS 0x000000008bc00000, 0x000000008bc00000| Untracked 
|  25|0x000000008bd00000, 0x000000008be00000, 0x000000008be00000|100%| S|CS|TAMS 0x000000008bd00000, 0x000000008bd00000| Complete 
|  26|0x000000008be00000, 0x000000008be00000, 0x000000008bf00000|  0%| F|  |TAMS 0x000000008be00000, 0x000000008be00000| Untracked 
|  27|0x000000008bf00000, 0x000000008bf00000, 0x000000008c000000|  0%| F|  |TAMS 0x000000008bf00000, 0x000000008bf00000| Untracked 
|  28|0x000000008c000000, 0x000000008c000000, 0x000000008c100000|  0%| F|  |TAMS 0x000000008c000000, 0x000000008c000000| Untracked 
|  29|0x000000008c100000, 0x000000008c200000, 0x000000008c200000|100%| S|CS|TAMS 0x000000008c100000, 0x000000008c100000| Complete 
|  30|0x000000008c200000, 0x000000008c300000, 0x000000008c300000|100%| S|CS|TAMS 0x000000008c200000, 0x000000008c200000| Complete 
|  31|0x000000008c300000, 0x000000008c300000, 0x000000008c400000|  0%| F|  |TAMS 0x000000008c300000, 0x000000008c300000| Untracked 
|  32|0x000000008c400000, 0x000000008c400000, 0x000000008c500000|  0%| F|  |TAMS 0x000000008c400000, 0x000000008c400000| Untracked 
|  33|0x000000008c500000, 0x000000008c500000, 0x000000008c600000|  0%| F|  |TAMS 0x000000008c500000, 0x000000008c500000| Untracked 
|  34|0x000000008c600000, 0x000000008c600000, 0x000000008c700000|  0%| F|  |TAMS 0x000000008c600000, 0x000000008c600000| Untracked 
|  35|0x000000008c700000, 0x000000008c700000, 0x000000008c800000|  0%| F|  |TAMS 0x000000008c700000, 0x000000008c700000| Untracked 
|  36|0x000000008c800000, 0x000000008c800000, 0x000000008c900000|  0%| F|  |TAMS 0x000000008c800000, 0x000000008c800000| Untracked 
|  37|0x000000008c900000, 0x000000008c900000, 0x000000008ca00000|  0%| F|  |TAMS 0x000000008c900000, 0x000000008c900000| Untracked 
|  38|0x000000008ca00000, 0x000000008ca00000, 0x000000008cb00000|  0%| F|  |TAMS 0x000000008ca00000, 0x000000008ca00000| Untracked 
|  39|0x000000008cb00000, 0x000000008cb00000, 0x000000008cc00000|  0%| F|  |TAMS 0x000000008cb00000, 0x000000008cb00000| Untracked 
|  40|0x000000008cc00000, 0x000000008cc00000, 0x000000008cd00000|  0%| F|  |TAMS 0x000000008cc00000, 0x000000008cc00000| Untracked 
|  41|0x000000008cd00000, 0x000000008cd00000, 0x000000008ce00000|  0%| F|  |TAMS 0x000000008cd00000, 0x000000008cd00000| Untracked 
|  71|0x000000008eb00000, 0x000000008eb00000, 0x000000008ec00000|  0%| F|  |TAMS 0x000000008eb00000, 0x000000008eb00000| Untracked 
|  72|0x000000008ec00000, 0x000000008ec00000, 0x000000008ed00000|  0%| F|  |TAMS 0x000000008ec00000, 0x000000008ec00000| Untracked 
|  73|0x000000008ed00000, 0x000000008ed61278, 0x000000008ee00000| 37%| E|  |TAMS 0x000000008ed00000, 0x000000008ed00000| Complete 
|  74|0x000000008ee00000, 0x000000008ef00000, 0x000000008ef00000|100%| E|CS|TAMS 0x000000008ee00000, 0x000000008ee00000| Complete 
|  75|0x000000008ef00000, 0x000000008f000000, 0x000000008f000000|100%| E|CS|TAMS 0x000000008ef00000, 0x000000008ef00000| Complete 
|  76|0x000000008f000000, 0x000000008f100000, 0x000000008f100000|100%| E|CS|TAMS 0x000000008f000000, 0x000000008f000000| Complete 
|  77|0x000000008f100000, 0x000000008f200000, 0x000000008f200000|100%| E|CS|TAMS 0x000000008f100000, 0x000000008f100000| Complete 
| 117|0x0000000091900000, 0x0000000091a00000, 0x0000000091a00000|100%| E|CS|TAMS 0x0000000091900000, 0x0000000091900000| Complete 

Card table byte_map: [0x000001b1ff2b0000,0x000001b1ff660000] _byte_map_base: 0x000001b1fee5e000

Marking Bits (Prev, Next): (CMBitMap*) 0x000001b1fe628f00, (CMBitMap*) 0x000001b1fe628ec0
 Prev Bits: [0x000001b1987c0000, 0x000001b19a530000)
 Next Bits: [0x000001b196a50000, 0x000001b1987c0000)

Polling page: 0x000001b1fc570000

Metaspace:

Usage:
  Non-class:     26.47 MB used.
      Class:      3.93 MB used.
       Both:     30.40 MB used.

Virtual space:
  Non-class space:       64.00 MB reserved,      26.62 MB ( 42%) committed,  1 nodes.
      Class space:        1.00 GB reserved,       4.06 MB ( <1%) committed,  1 nodes.
             Both:        1.06 GB reserved,      30.69 MB (  3%) committed. 

Chunk freelists:
   Non-Class:  4.95 MB
       Class:  11.98 MB
        Both:  16.94 MB

MaxMetaspaceSize: unlimited
CompressedClassSpaceSize: 1.00 GB
Initial GC threshold: 21.00 MB
Current GC threshold: 35.12 MB
CDS: on
MetaspaceReclaimPolicy: balanced
 - commit_granule_bytes: 65536.
 - commit_granule_words: 8192.
 - virtual_space_node_default_size: 8388608.
 - enlarge_chunks_in_place: 1.
 - new_chunks_are_fully_committed: 0.
 - uncommit_free_chunks: 1.
 - use_allocation_guard: 0.
 - handle_deallocations: 1.


Internal statistics:

num_allocs_failed_limit: 3.
num_arena_births: 240.
num_arena_deaths: 0.
num_vsnodes_births: 2.
num_vsnodes_deaths: 0.
num_space_committed: 491.
num_space_uncommitted: 0.
num_chunks_returned_to_freelist: 3.
num_chunks_taken_from_freelist: 1086.
num_chunk_merges: 3.
num_chunk_splits: 788.
num_chunks_enlarged: 629.
num_inconsistent_stats: 0.

CodeHeap 'non-profiled nmethods': size=119168Kb used=3333Kb max_used=3495Kb free=115834Kb
 bounds [0x000001b18f5f0000, 0x000001b18f970000, 0x000001b196a50000]
CodeHeap 'profiled nmethods': size=119104Kb used=11922Kb max_used=14268Kb free=107181Kb
 bounds [0x000001b187a50000, 0x000001b188840000, 0x000001b18eea0000]
CodeHeap 'non-nmethods': size=7488Kb used=1594Kb max_used=3332Kb free=5893Kb
 bounds [0x000001b18eea0000, 0x000001b18f250000, 0x000001b18f5f0000]
 total_blobs=6573 nmethods=5662 adapters=823
 compilation: enabled
              stopped_count=0, restarted_count=0
 full_count=0

Compilation events (20 events):
Event: 335.764 Thread 0x000001b19cf6ade0 nmethod 6528 0x000001b187ac3110 code [0x000001b187ac32a0, 0x000001b187ac33f8]
Event: 335.764 Thread 0x000001b19cf6ade0 6529       1       java.util.Formatter$FormatSpecifier::index (5 bytes)
Event: 335.764 Thread 0x000001b19cf6ade0 nmethod 6529 0x000001b18f693410 code [0x000001b18f6935a0, 0x000001b18f693678]
Event: 335.766 Thread 0x000001b19cf5e400 6530       4       com.sun.javafx.tk.quantum.QuantumToolkit::postPulse (133 bytes)
Event: 335.802 Thread 0x000001b19cf6ade0 6532       3       java.lang.Integer::numberOfTrailingZeros (80 bytes)
Event: 335.803 Thread 0x000001b19cf6ade0 nmethod 6532 0x000001b187ac0310 code [0x000001b187ac04c0, 0x000001b187ac0738]
Event: 335.803 Thread 0x000001b19cf6ade0 6533       3       java.util.RegularEnumSet$EnumSetIterator::hasNext (15 bytes)
Event: 335.804 Thread 0x000001b19cf6ade0 nmethod 6533 0x000001b187ad0f90 code [0x000001b187ad1120, 0x000001b187ad1298]
Event: 335.804 Thread 0x000001b19cf6ade0 6536       3       java.lang.Long::numberOfTrailingZeros (26 bytes)
Event: 335.804 Thread 0x000001b19cf6ade0 nmethod 6536 0x000001b187e31110 code [0x000001b187e312c0, 0x000001b187e31498]
Event: 335.804 Thread 0x000001b19cf6ade0 6534       3       java.util.RegularEnumSet$EnumSetIterator::next (5 bytes)
Event: 335.805 Thread 0x000001b19cf6ade0 nmethod 6534 0x000001b187aead10 code [0x000001b187aeaea0, 0x000001b187aeafe8]
Event: 335.805 Thread 0x000001b19cf6ade0 6535       3       java.util.RegularEnumSet$EnumSetIterator::next (60 bytes)
Event: 335.805 Thread 0x000001b19cf6ade0 nmethod 6535 0x000001b187ed8810 code [0x000001b187ed89e0, 0x000001b187ed8c98]
Event: 335.861 Thread 0x000001b19cf6ade0 6537       3       javafx.scene.Node$FocusWithinProperty::getPseudoClass (4 bytes)
Event: 335.862 Thread 0x000001b19cf6ade0 nmethod 6537 0x000001b187af2a10 code [0x000001b187af2ba0, 0x000001b187af2cb8]
Event: 335.869 Thread 0x000001b19cf6ade0 6539       3       javafx.scene.control.DialogPane::hasHeader (20 bytes)
Event: 335.870 Thread 0x000001b19cf6ade0 nmethod 6539 0x000001b187ae0810 code [0x000001b187ae0a20, 0x000001b187ae1318]
Event: 335.871 Thread 0x000001b19cf6ade0 6540       3       javafx.beans.property.ReadOnlyDoubleWrapper::getReadOnlyProperty (24 bytes)
Event: 335.871 Thread 0x000001b19cf6ade0 nmethod 6540 0x000001b187ad7190 code [0x000001b187ad7360, 0x000001b187ad77f8]

GC Heap History (14 events):
Event: 1.899 GC heap before
{Heap before GC invocations=0 (full 0):
 garbage-first heap   total 120832K, used 22528K [0x000000008a400000, 0x0000000100000000)
  region size 1024K, 23 young (23552K), 0 survivors (0K)
 Metaspace       used 4248K, committed 4416K, reserved 1114112K
  class space    used 417K, committed 512K, reserved 1048576K
}
Event: 1.906 GC heap after
{Heap after GC invocations=1 (full 0):
 garbage-first heap   total 120832K, used 4519K [0x000000008a400000, 0x0000000100000000)
  region size 1024K, 3 young (3072K), 3 survivors (3072K)
 Metaspace       used 4248K, committed 4416K, reserved 1114112K
  class space    used 417K, committed 512K, reserved 1048576K
}
Event: 3.595 GC heap before
{Heap before GC invocations=1 (full 0):
 garbage-first heap   total 120832K, used 33191K [0x000000008a400000, 0x0000000100000000)
  region size 1024K, 32 young (32768K), 3 survivors (3072K)
 Metaspace       used 12346K, committed 12608K, reserved 1114112K
  class space    used 1623K, committed 1728K, reserved 1048576K
}
Event: 3.605 GC heap after
{Heap after GC invocations=2 (full 0):
 garbage-first heap   total 120832K, used 8305K [0x000000008a400000, 0x0000000100000000)
  region size 1024K, 4 young (4096K), 4 survivors (4096K)
 Metaspace       used 12346K, committed 12608K, reserved 1114112K
  class space    used 1623K, committed 1728K, reserved 1048576K
}
Event: 15.551 GC heap before
{Heap before GC invocations=2 (full 0):
 garbage-first heap   total 120832K, used 45169K [0x000000008a400000, 0x0000000100000000)
  region size 1024K, 40 young (40960K), 4 survivors (4096K)
 Metaspace       used 21330K, committed 21504K, reserved 1114112K
  class space    used 2925K, committed 3008K, reserved 1048576K
}
Event: 15.562 GC heap after
{Heap after GC invocations=3 (full 0):
 garbage-first heap   total 120832K, used 12817K [0x000000008a400000, 0x0000000100000000)
  region size 1024K, 7 young (7168K), 7 survivors (7168K)
 Metaspace       used 21330K, committed 21504K, reserved 1114112K
  class space    used 2925K, committed 3008K, reserved 1048576K
}
Event: 40.849 GC heap before
{Heap before GC invocations=4 (full 0):
 garbage-first heap   total 51200K, used 35345K [0x000000008a400000, 0x0000000100000000)
  region size 1024K, 30 young (30720K), 7 survivors (7168K)
 Metaspace       used 26371K, committed 26688K, reserved 1114112K
  class space    used 3433K, committed 3584K, reserved 1048576K
}
Event: 40.866 GC heap after
{Heap after GC invocations=5 (full 0):
 garbage-first heap   total 51200K, used 15368K [0x000000008a400000, 0x0000000100000000)
  region size 1024K, 3 young (3072K), 3 survivors (3072K)
 Metaspace       used 26371K, committed 26688K, reserved 1114112K
  class space    used 3433K, committed 3584K, reserved 1048576K
}
Event: 40.984 GC heap before
{Heap before GC invocations=5 (full 0):
 garbage-first heap   total 51200K, used 16392K [0x000000008a400000, 0x0000000100000000)
  region size 1024K, 4 young (4096K), 3 survivors (3072K)
 Metaspace       used 27243K, committed 27456K, reserved 1114112K
  class space    used 3486K, committed 3584K, reserved 1048576K
}
Event: 40.990 GC heap after
{Heap after GC invocations=6 (full 0):
 garbage-first heap   total 51200K, used 15593K [0x000000008a400000, 0x0000000100000000)
  region size 1024K, 1 young (1024K), 1 survivors (1024K)
 Metaspace       used 27243K, committed 27456K, reserved 1114112K
  class space    used 3486K, committed 3584K, reserved 1048576K
}
Event: 49.499 GC heap before
{Heap before GC invocations=6 (full 0):
 garbage-first heap   total 51200K, used 35049K [0x000000008a400000, 0x0000000100000000)
  region size 1024K, 21 young (21504K), 1 survivors (1024K)
 Metaspace       used 29419K, committed 29632K, reserved 1114112K
  class space    used 3749K, committed 3840K, reserved 1048576K
}
Event: 49.505 GC heap after
{Heap after GC invocations=7 (full 0):
 garbage-first heap   total 51200K, used 17605K [0x000000008a400000, 0x0000000100000000)
  region size 1024K, 3 young (3072K), 3 survivors (3072K)
 Metaspace       used 29419K, committed 29632K, reserved 1114112K
  class space    used 3749K, committed 3840K, reserved 1048576K
}
Event: 63.302 GC heap before
{Heap before GC invocations=7 (full 0):
 garbage-first heap   total 51200K, used 37061K [0x000000008a400000, 0x0000000100000000)
  region size 1024K, 22 young (22528K), 3 survivors (3072K)
 Metaspace       used 30996K, committed 31296K, reserved 1114112K
  class space    used 4023K, committed 4160K, reserved 1048576K
}
Event: 63.313 GC heap after
{Heap after GC invocations=8 (full 0):
 garbage-first heap   total 51200K, used 21194K [0x000000008a400000, 0x0000000100000000)
  region size 1024K, 3 young (3072K), 3 survivors (3072K)
 Metaspace       used 30996K, committed 31296K, reserved 1114112K
  class space    used 4023K, committed 4160K, reserved 1048576K
}

Dll operation events (20 events):
Event: 1.358 Loaded shared library C:\Users\fiona\.openjfx\cache\21.0.1+6\amd64\api-ms-win-crt-locale-l1-1-0.dll
Event: 1.365 Loaded shared library C:\Users\fiona\.openjfx\cache\21.0.1+6\amd64\api-ms-win-crt-math-l1-1-0.dll
Event: 1.372 Loaded shared library C:\Users\fiona\.openjfx\cache\21.0.1+6\amd64\api-ms-win-crt-multibyte-l1-1-0.dll
Event: 1.379 Loaded shared library C:\Users\fiona\.openjfx\cache\21.0.1+6\amd64\api-ms-win-crt-private-l1-1-0.dll
Event: 1.384 Loaded shared library C:\Users\fiona\.openjfx\cache\21.0.1+6\amd64\api-ms-win-crt-process-l1-1-0.dll
Event: 1.391 Loaded shared library C:\Users\fiona\.openjfx\cache\21.0.1+6\amd64\api-ms-win-crt-runtime-l1-1-0.dll
Event: 1.397 Loaded shared library C:\Users\fiona\.openjfx\cache\21.0.1+6\amd64\api-ms-win-crt-stdio-l1-1-0.dll
Event: 1.404 Loaded shared library C:\Users\fiona\.openjfx\cache\21.0.1+6\amd64\api-ms-win-crt-string-l1-1-0.dll
Event: 1.411 Loaded shared library C:\Users\fiona\.openjfx\cache\21.0.1+6\amd64\api-ms-win-crt-time-l1-1-0.dll
Event: 1.418 Loaded shared library C:\Users\fiona\.openjfx\cache\21.0.1+6\amd64\api-ms-win-crt-utility-l1-1-0.dll
Event: 1.450 Loaded shared library C:\Users\fiona\.openjfx\cache\21.0.1+6\amd64\ucrtbase.dll
Event: 1.480 Loaded shared library C:\Users\fiona\.openjfx\cache\21.0.1+6\amd64\vcruntime140.dll
Event: 1.488 Loaded shared library C:\Users\fiona\.openjfx\cache\21.0.1+6\amd64\vcruntime140_1.dll
Event: 1.507 Loaded shared library C:\Users\fiona\.openjfx\cache\21.0.1+6\amd64\msvcp140.dll
Event: 1.514 Loaded shared library C:\Users\fiona\.openjfx\cache\21.0.1+6\amd64\msvcp140_1.dll
Event: 1.526 Loaded shared library C:\Users\fiona\.openjfx\cache\21.0.1+6\amd64\msvcp140_2.dll
Event: 1.649 Loaded shared library C:\Users\fiona\.openjfx\cache\21.0.1+6\amd64\prism_d3d.dll
Event: 1.772 Loaded shared library C:\Users\fiona\.openjfx\cache\21.0.1+6\amd64\glass.dll
Event: 2.371 Loaded shared library C:\Users\fiona\.openjfx\cache\21.0.1+6\amd64\javafx_font.dll
Event: 3.334 Loaded shared library C:\Users\fiona\.jdks\corretto-17.0.9\bin\sunmscapi.dll

Deoptimization events (20 events):
Event: 65.520 Thread 0x000001b1e2bf0df0 DEOPT PACKING pc=0x000001b18f93cc54 sp=0x0000000186cfbed0
Event: 65.520 Thread 0x000001b1e2bf0df0 DEOPT UNPACKING pc=0x000001b18eef69a3 sp=0x0000000186cfbd80 mode 2
Event: 67.993 Thread 0x000001b1e2cb15c0 Uncommon trap: trap_request=0xffffff45 fr.pc=0x000001b18f78fff8 relative=0x0000000000000fb8
Event: 67.993 Thread 0x000001b1e2cb15c0 Uncommon trap: reason=unstable_if action=reinterpret pc=0x000001b18f78fff8 method=javafx.scene.Node.pickNode(Lcom/sun/javafx/geom/PickRay;Lcom/sun/javafx/scene/input/PickResultChooser;)V @ 18 c2
Event: 67.993 Thread 0x000001b1e2cb15c0 DEOPT PACKING pc=0x000001b18f78fff8 sp=0x00000001870fa070
Event: 67.993 Thread 0x000001b1e2cb15c0 DEOPT UNPACKING pc=0x000001b18eef69a3 sp=0x00000001870f9dd8 mode 2
Event: 67.997 Thread 0x000001b1e2cb15c0 Uncommon trap: trap_request=0xffffff45 fr.pc=0x000001b18f78d24c relative=0x000000000000032c
Event: 67.997 Thread 0x000001b1e2cb15c0 Uncommon trap: reason=unstable_if action=reinterpret pc=0x000001b18f78d24c method=javafx.scene.Node.pickNode(Lcom/sun/javafx/geom/PickRay;Lcom/sun/javafx/scene/input/PickResultChooser;)V @ 18 c2
Event: 67.997 Thread 0x000001b1e2cb15c0 DEOPT PACKING pc=0x000001b18f78d24c sp=0x00000001870f98f0
Event: 67.997 Thread 0x000001b1e2cb15c0 DEOPT UNPACKING pc=0x000001b18eef69a3 sp=0x00000001870f9870 mode 2
Event: 68.468 Thread 0x000001b1e2bf0df0 DEOPT PACKING pc=0x000001b1887bc8f6 sp=0x0000000186cfdd70
Event: 68.468 Thread 0x000001b1e2bf0df0 DEOPT UNPACKING pc=0x000001b18eef7143 sp=0x0000000186cfd250 mode 0
Event: 335.863 Thread 0x000001b1e2bf0df0 DEOPT PACKING pc=0x000001b188113fa4 sp=0x0000000186cff2c0
Event: 335.863 Thread 0x000001b1e2bf0df0 DEOPT UNPACKING pc=0x000001b18eef7143 sp=0x0000000186cfe7e8 mode 1
Event: 335.863 Thread 0x000001b1e42b7980 DEOPT PACKING pc=0x000001b187bf8c4c sp=0x00000001867fef20
Event: 335.863 Thread 0x000001b1e42b7980 DEOPT UNPACKING pc=0x000001b18eef7143 sp=0x00000001867fe380 mode 1
Event: 335.867 Thread 0x000001b1e2cb15c0 Uncommon trap: trap_request=0xffffff45 fr.pc=0x000001b18f9366f8 relative=0x00000000000011f8
Event: 335.867 Thread 0x000001b1e2cb15c0 Uncommon trap: reason=unstable_if action=reinterpret pc=0x000001b18f9366f8 method=com.sun.glass.ui.Timer.resume()V @ 6 c2
Event: 335.867 Thread 0x000001b1e2cb15c0 DEOPT PACKING pc=0x000001b18f9366f8 sp=0x00000001870f9710
Event: 335.867 Thread 0x000001b1e2cb15c0 DEOPT UNPACKING pc=0x000001b18eef69a3 sp=0x00000001870f9560 mode 2

Classes unloaded (0 events):
No events

Classes redefined (0 events):
No events

Internal exceptions (20 events):
Event: 19.736 Thread 0x000001b1e2bf0df0 Exception <a 'java/lang/NoSuchMethodError'{0x000000008cc32658}: 'java.lang.Object java.lang.invoke.DirectMethodHandle$Holder.invokeStaticInit(java.lang.Object, int)'> (0x000000008cc32658) 
thrown [s\src\hotspot\share\interpreter\linkResolver.cpp, line 759]
Event: 24.989 Thread 0x000001b1e2cb15c0 Exception <a 'java/lang/NoSuchMethodError'{0x000000008c9e4aa8}: 'java.lang.Object java.lang.invoke.DirectMethodHandle$Holder.newInvokeSpecial(java.lang.Object, java.lang.Object, int, int, int, int, int, java.lang.Object)'> (0x000000008c9e4aa8) 
thrown [s\src\hotspot\share\interpreter\linkResolver.cpp, line 759]
Event: 24.994 Thread 0x000001b1e2cb15c0 Exception <a 'java/lang/NoSuchMethodError'{0x000000008c9f7d28}: 'java.lang.Object java.lang.invoke.DirectMethodHandle$Holder.newInvokeSpecial(java.lang.Object, java.lang.Object, java.lang.Object, int, int, int, int, int)'> (0x000000008c9f7d28) 
thrown [s\src\hotspot\share\interpreter\linkResolver.cpp, line 759]
Event: 24.996 Thread 0x000001b1e2cb15c0 Exception <a 'java/lang/NoSuchMethodError'{0x000000008c9ff830}: 'java.lang.Object java.lang.invoke.Invokers$Holder.linkToTargetMethod(java.lang.Object, java.lang.Object, int, int, int, int, int, java.lang.Object)'> (0x000000008c9ff830) 
thrown [s\src\hotspot\share\interpreter\linkResolver.cpp, line 759]
Event: 39.781 Thread 0x000001b1e2cb15c0 Implicit null exception at 0x000001b18f7bf87b to 0x000001b18f7bfc88
Event: 39.956 Thread 0x000001b1e2cb15c0 Exception <a 'java/lang/NoSuchMethodError'{0x000000008c2c3450}: 'java.lang.Object java.lang.invoke.DirectMethodHandle$Holder.invokeVirtual(java.lang.Object, java.lang.Object, java.lang.Object)'> (0x000000008c2c3450) 
thrown [s\src\hotspot\share\interpreter\linkResolver.cpp, line 759]
Event: 40.907 Thread 0x000001b1e2cb15c0 Exception <a 'java/lang/ClassNotFoundException'{0x0000000091941350}: com/sun/rowset/RowSetResourceBundle> (0x0000000091941350) 
thrown [s\src\hotspot\share\prims\jni.cpp, line 535]
Event: 40.909 Thread 0x000001b1e2cb15c0 Exception <a 'java/lang/ClassNotFoundException'{0x0000000091952cb0}: com/sun/rowset/RowSetResourceBundle_en> (0x0000000091952cb0) 
thrown [s\src\hotspot\share\prims\jni.cpp, line 535]
Event: 40.909 Thread 0x000001b1e2cb15c0 Exception <a 'java/lang/ClassNotFoundException'{0x0000000091953c78}: com/sun/rowset/RowSetResourceBundle_en_GB> (0x0000000091953c78) 
thrown [s\src\hotspot\share\prims\jni.cpp, line 535]
Event: 41.222 Thread 0x000001b1e2cb15c0 Exception <a 'java/lang/NoSuchMethodError'{0x000000008efd8a30}: 'java.lang.Object java.lang.invoke.DirectMethodHandle$Holder.newInvokeSpecial(java.lang.Object, java.lang.Object, java.lang.Object, java.lang.Object, java.lang.Object, java.lang.Object)'> (0x000000008efd8a30) 
thrown [s\src\hotspot\share\interpreter\linkResolver.cpp, line 759]
Event: 41.285 Thread 0x000001b1e2cb15c0 Implicit null exception at 0x000001b18f7aabd4 to 0x000001b18f7aac44
Event: 51.194 Thread 0x000001b1e2cb15c0 Exception <a 'java/lang/NoSuchMethodError'{0x000000008f080140}: 'java.lang.Object java.lang.invoke.DirectMethodHandle$Holder.newInvokeSpecial(java.lang.Object, java.lang.Object, java.lang.Object, java.lang.Object, java.lang.Object, java.lang.Object, java.lang.Object)'> (0x000000008f080140) 
thrown [s\src\hotspot\share\interpreter\linkResolver.cpp, line 759]
Event: 51.195 Thread 0x000001b1e2cb15c0 Exception <a 'java/lang/NoSuchMethodError'{0x000000008f0848c0}: 'java.lang.Object java.lang.invoke.Invokers$Holder.linkToTargetMethod(java.lang.Object, java.lang.Object, java.lang.Object, java.lang.Object, java.lang.Object, java.lang.Object, java.lang.Object)'> (0x000000008f0848c0) 
thrown [s\src\hotspot\share\interpreter\linkResolver.cpp, line 759]
Event: 58.099 Thread 0x000001b1e2cb15c0 Exception <a 'java/lang/NoSuchMethodError'{0x000000008c8942b0}: 'int java.lang.invoke.DirectMethodHandle$Holder.invokeSpecial(java.lang.Object, java.lang.Object, int)'> (0x000000008c8942b0) 
thrown [s\src\hotspot\share\interpreter\linkResolver.cpp, line 759]
Event: 58.153 Thread 0x000001b1e2cb15c0 Exception <a 'java/lang/NoSuchMethodError'{0x000000008c791a00}: 'void java.lang.invoke.DirectMethodHandle$Holder.invokeSpecial(java.lang.Object, java.lang.Object, int, int)'> (0x000000008c791a00) 
thrown [s\src\hotspot\share\interpreter\linkResolver.cpp, line 759]
Event: 58.155 Thread 0x000001b1e2cb15c0 Exception <a 'java/lang/NoSuchMethodError'{0x000000008c79e640}: 'java.lang.Object java.lang.invoke.DirectMethodHandle$Holder.newInvokeSpecial(java.lang.Object, java.lang.Object, int, int)'> (0x000000008c79e640) 
thrown [s\src\hotspot\share\interpreter\linkResolver.cpp, line 759]
Event: 59.782 Thread 0x000001b1e2cb15c0 Exception <a 'java/io/FileNotFoundException'{0x000000008c543cb8}> (0x000000008c543cb8) 
thrown [s\src\hotspot\share\prims\jni.cpp, line 516]
Event: 59.783 Thread 0x000001b1e2cb15c0 Exception <a 'java/io/FileNotFoundException'{0x000000008c546810}> (0x000000008c546810) 
thrown [s\src\hotspot\share\prims\jni.cpp, line 516]
Event: 59.786 Thread 0x000001b1e2cb15c0 Exception <a 'java/io/FileNotFoundException'{0x000000008c57bac0}> (0x000000008c57bac0) 
thrown [s\src\hotspot\share\prims\jni.cpp, line 516]
Event: 59.786 Thread 0x000001b1e2cb15c0 Exception <a 'java/io/FileNotFoundException'{0x000000008c57e0b0}> (0x000000008c57e0b0) 
thrown [s\src\hotspot\share\prims\jni.cpp, line 516]

VM Operations (20 events):
Event: 335.764 Executing VM operation: ChangeBreakpoints done
Event: 335.764 Executing VM operation: ChangeBreakpoints
Event: 335.764 Executing VM operation: ChangeBreakpoints done
Event: 335.765 Executing VM operation: ChangeBreakpoints
Event: 335.765 Executing VM operation: ChangeBreakpoints done
Event: 335.765 Executing VM operation: ChangeBreakpoints
Event: 335.765 Executing VM operation: ChangeBreakpoints done
Event: 335.765 Executing VM operation: ChangeBreakpoints
Event: 335.765 Executing VM operation: ChangeBreakpoints done
Event: 335.765 Executing VM operation: ChangeBreakpoints
Event: 335.765 Executing VM operation: ChangeBreakpoints done
Event: 335.765 Executing VM operation: ChangeBreakpoints
Event: 335.765 Executing VM operation: ChangeBreakpoints done
Event: 335.765 Executing VM operation: ChangeBreakpoints
Event: 335.765 Executing VM operation: ChangeBreakpoints done
Event: 335.766 Executing VM operation: ChangeBreakpoints
Event: 335.766 Executing VM operation: ChangeBreakpoints done
Event: 335.766 Executing VM operation: ChangeBreakpoints
Event: 335.766 Executing VM operation: ChangeBreakpoints done
Event: 335.876 Executing VM operation: Exit

Events (20 events):
Event: 115.586 loading class java/io/DataOutputStream
Event: 115.586 loading class java/io/DataOutputStream done
Event: 335.763 Thread 0x000001b1e2269f60 Thread exited: 0x000001b1e2269f60
Event: 335.774 Thread 0x000001b1e2250b00 Thread exited: 0x000001b1e2250b00
Event: 335.858 loading class jdk/internal/misc/Signal$1
Event: 335.858 loading class jdk/internal/misc/Signal$1 done
Event: 335.859 Thread 0x000001b1e42b6a50 Thread added: 0x000001b1e42b6a50
Event: 335.860 Thread 0x000001b1e42b5610 Thread added: 0x000001b1e42b5610
Event: 335.860 Thread 0x000001b1e42b7470 Thread added: 0x000001b1e42b7470
Event: 335.860 Thread 0x000001b1e42b7980 Thread added: 0x000001b1e42b7980
Event: 335.861 loading class com/sun/javafx/font/PrismFontFile
Event: 335.861 loading class com/sun/javafx/font/PrismFontFile done
Event: 335.861 loading class com/sun/javafx/tk/quantum/QuantumRenderer
Event: 335.861 loading class com/sun/javafx/tk/quantum/QuantumRenderer done
Event: 335.862 Thread 0x000001b1e42b5610 Thread exited: 0x000001b1e42b5610
Event: 335.863 loading class com/sun/javafx/tk/quantum/QuantumToolkit
Event: 335.863 loading class com/sun/javafx/tk/quantum/QuantumToolkit done
Event: 335.863 Thread 0x000001b1e42b7980 Thread exited: 0x000001b1e42b7980
Event: 335.874 Thread 0x000001b1e42b7470 Thread exited: 0x000001b1e42b7470
Event: 335.875 Thread 0x000001b19cf5a1a0 Thread exited: 0x000001b19cf5a1a0


Dynamic libraries:
0x00007ff6a0590000 - 0x00007ff6a059e000 	C:\Users\fiona\.jdks\corretto-17.0.9\bin\java.exe
0x00007ffb613f0000 - 0x00007ffb61607000 	C:\Windows\SYSTEM32\ntdll.dll
0x00007ffb600d0000 - 0x00007ffb60194000 	C:\Windows\System32\KERNEL32.DLL
0x00007ffb5e900000 - 0x00007ffb5eca5000 	C:\Windows\System32\KERNELBASE.dll
0x00007ffb5e7e0000 - 0x00007ffb5e8f1000 	C:\Windows\System32\ucrtbase.dll
0x00007ffb59a50000 - 0x00007ffb59a6b000 	C:\Users\fiona\.jdks\corretto-17.0.9\bin\VCRUNTIME140.dll
0x00007ffb59a30000 - 0x00007ffb59a47000 	C:\Users\fiona\.jdks\corretto-17.0.9\bin\jli.dll
0x00007ffb5fc30000 - 0x00007ffb5fdde000 	C:\Windows\System32\USER32.dll
0x00007ffb5ecb0000 - 0x00007ffb5ecd6000 	C:\Windows\System32\win32u.dll
0x00007ffb48450000 - 0x00007ffb486e3000 	C:\Windows\WinSxS\amd64_microsoft.windows.common-controls_6595b64144ccf1df_6.0.22621.2506_none_270c5ae97388e100\COMCTL32.dll
0x00007ffb5fe70000 - 0x00007ffb5fe99000 	C:\Windows\System32\GDI32.dll
0x00007ffb5fea0000 - 0x00007ffb5ff47000 	C:\Windows\System32\msvcrt.dll
0x00007ffb5ee10000 - 0x00007ffb5ef29000 	C:\Windows\System32\gdi32full.dll
0x00007ffb5f0a0000 - 0x00007ffb5f13a000 	C:\Windows\System32\msvcp_win.dll
0x00007ffb5f280000 - 0x00007ffb5f2b1000 	C:\Windows\System32\IMM32.DLL
0x00007ffb5b470000 - 0x00007ffb5b47c000 	C:\Users\fiona\.jdks\corretto-17.0.9\bin\vcruntime140_1.dll
0x00007ffb4d250000 - 0x00007ffb4d2dd000 	C:\Users\fiona\.jdks\corretto-17.0.9\bin\msvcp140.dll
0x00007ffafe690000 - 0x00007ffaff2f1000 	C:\Users\fiona\.jdks\corretto-17.0.9\bin\server\jvm.dll
0x00007ffb60010000 - 0x00007ffb600c1000 	C:\Windows\System32\ADVAPI32.dll
0x00007ffb5ff50000 - 0x00007ffb5fff6000 	C:\Windows\System32\sechost.dll
0x00007ffb61290000 - 0x00007ffb613a7000 	C:\Windows\System32\RPCRT4.dll
0x00007ffb472d0000 - 0x00007ffb472d9000 	C:\Windows\SYSTEM32\WSOCK32.dll
0x00007ffb5e090000 - 0x00007ffb5e0dd000 	C:\Windows\SYSTEM32\POWRPROF.dll
0x00007ffb54b70000 - 0x00007ffb54ba4000 	C:\Windows\SYSTEM32\WINMM.dll
0x00007ffb5f1f0000 - 0x00007ffb5f261000 	C:\Windows\System32\WS2_32.dll
0x00007ffb56c40000 - 0x00007ffb56c4a000 	C:\Windows\SYSTEM32\VERSION.dll
0x00007ffb5e000000 - 0x00007ffb5e013000 	C:\Windows\SYSTEM32\UMPDC.dll
0x00007ffb5d6e0000 - 0x00007ffb5d6f8000 	C:\Windows\SYSTEM32\kernel.appcore.dll
0x00007ffb59a20000 - 0x00007ffb59a2a000 	C:\Users\fiona\.jdks\corretto-17.0.9\bin\jimage.dll
0x00007ffb51e90000 - 0x00007ffb520c3000 	C:\Windows\SYSTEM32\DBGHELP.DLL
0x00007ffb601a0000 - 0x00007ffb60529000 	C:\Windows\System32\combase.dll
0x00007ffb60e20000 - 0x00007ffb60ef7000 	C:\Windows\System32\OLEAUT32.dll
0x00007ffb320b0000 - 0x00007ffb320e2000 	C:\Windows\SYSTEM32\dbgcore.DLL
0x00007ffb5e760000 - 0x00007ffb5e7da000 	C:\Windows\System32\bcryptPrimitives.dll
0x00007ffb53d90000 - 0x00007ffb53dcb000 	C:\Users\fiona\.jdks\corretto-17.0.9\bin\jdwp.dll
0x00007ffb59a10000 - 0x00007ffb59a1e000 	C:\Users\fiona\.jdks\corretto-17.0.9\bin\instrument.dll
0x00007ffb599d0000 - 0x00007ffb599f5000 	C:\Users\fiona\.jdks\corretto-17.0.9\bin\java.dll
0x00007ffb55020000 - 0x00007ffb55038000 	C:\Users\fiona\.jdks\corretto-17.0.9\bin\zip.dll
0x00007ffb4ce90000 - 0x00007ffb4cf67000 	C:\Users\fiona\.jdks\corretto-17.0.9\bin\jsvml.dll
0x00007ffb605b0000 - 0x00007ffb60e09000 	C:\Windows\System32\SHELL32.dll
0x00007ffb5c630000 - 0x00007ffb5cf24000 	C:\Windows\SYSTEM32\windows.storage.dll
0x00007ffb5c4f0000 - 0x00007ffb5c62e000 	C:\Windows\SYSTEM32\wintypes.dll
0x00007ffb60f00000 - 0x00007ffb60ff3000 	C:\Windows\System32\SHCORE.dll
0x00007ffb5fa10000 - 0x00007ffb5fa6e000 	C:\Windows\System32\shlwapi.dll
0x00007ffb5e690000 - 0x00007ffb5e6b6000 	C:\Windows\SYSTEM32\profapi.dll
0x00007ffb55ba0000 - 0x00007ffb55bac000 	C:\Users\fiona\.jdks\corretto-17.0.9\bin\dt_socket.dll
0x00007ffb5d1a0000 - 0x00007ffb5d1cd000 	C:\Windows\SYSTEM32\IPHLPAPI.DLL
0x00007ffb5dbe0000 - 0x00007ffb5dc49000 	C:\Windows\system32\mswsock.dll
0x00007ffb599b0000 - 0x00007ffb599c9000 	C:\Users\fiona\.jdks\corretto-17.0.9\bin\net.dll
0x00007ffb57f50000 - 0x00007ffb58087000 	C:\Windows\SYSTEM32\WINHTTP.dll
0x00007ffb55b60000 - 0x00007ffb55b76000 	C:\Users\fiona\.jdks\corretto-17.0.9\bin\nio.dll
0x000001b19cfc0000 - 0x000001b19cfc3000 	C:\Users\fiona\.openjfx\cache\21.0.1+6\amd64\api-ms-win-core-console-l1-1-0.dll
0x000001b19cfd0000 - 0x000001b19cfd3000 	C:\Users\fiona\.openjfx\cache\21.0.1+6\amd64\api-ms-win-core-console-l1-2-0.dll
0x000001b19cfe0000 - 0x000001b19cfe3000 	C:\Users\fiona\.openjfx\cache\21.0.1+6\amd64\api-ms-win-core-datetime-l1-1-0.dll
0x000001b19cff0000 - 0x000001b19cff3000 	C:\Users\fiona\.openjfx\cache\21.0.1+6\amd64\api-ms-win-core-debug-l1-1-0.dll
0x000001b1e2d00000 - 0x000001b1e2d03000 	C:\Users\fiona\.openjfx\cache\21.0.1+6\amd64\api-ms-win-core-errorhandling-l1-1-0.dll
0x000001b1e2d10000 - 0x000001b1e2d14000 	C:\Users\fiona\.openjfx\cache\21.0.1+6\amd64\api-ms-win-core-file-l1-1-0.dll
0x000001b1e2d20000 - 0x000001b1e2d23000 	C:\Users\fiona\.openjfx\cache\21.0.1+6\amd64\api-ms-win-core-file-l1-2-0.dll
0x000001b1e2d30000 - 0x000001b1e2d33000 	C:\Users\fiona\.openjfx\cache\21.0.1+6\amd64\api-ms-win-core-file-l2-1-0.dll
0x000001b1e2d40000 - 0x000001b1e2d43000 	C:\Users\fiona\.openjfx\cache\21.0.1+6\amd64\api-ms-win-core-handle-l1-1-0.dll
0x000001b1e2d50000 - 0x000001b1e2d53000 	C:\Users\fiona\.openjfx\cache\21.0.1+6\amd64\api-ms-win-core-heap-l1-1-0.dll
0x000001b1e2d60000 - 0x000001b1e2d63000 	C:\Users\fiona\.openjfx\cache\21.0.1+6\amd64\api-ms-win-core-interlocked-l1-1-0.dll
0x000001b1e2d70000 - 0x000001b1e2d73000 	C:\Users\fiona\.openjfx\cache\21.0.1+6\amd64\api-ms-win-core-libraryloader-l1-1-0.dll
0x000001b1e2d80000 - 0x000001b1e2d83000 	C:\Users\fiona\.openjfx\cache\21.0.1+6\amd64\api-ms-win-core-localization-l1-2-0.dll
0x000001b1e2d90000 - 0x000001b1e2d93000 	C:\Users\fiona\.openjfx\cache\21.0.1+6\amd64\api-ms-win-core-memory-l1-1-0.dll
0x000001b1e2da0000 - 0x000001b1e2da3000 	C:\Users\fiona\.openjfx\cache\21.0.1+6\amd64\api-ms-win-core-namedpipe-l1-1-0.dll
0x000001b1e2db0000 - 0x000001b1e2db3000 	C:\Users\fiona\.openjfx\cache\21.0.1+6\amd64\api-ms-win-core-processenvironment-l1-1-0.dll
0x000001b1e2dc0000 - 0x000001b1e2dc3000 	C:\Users\fiona\.openjfx\cache\21.0.1+6\amd64\api-ms-win-core-processthreads-l1-1-0.dll
0x000001b1e2dd0000 - 0x000001b1e2dd3000 	C:\Users\fiona\.openjfx\cache\21.0.1+6\amd64\api-ms-win-core-processthreads-l1-1-1.dll
0x000001b1e2de0000 - 0x000001b1e2de3000 	C:\Users\fiona\.openjfx\cache\21.0.1+6\amd64\api-ms-win-core-profile-l1-1-0.dll
0x000001b1e2df0000 - 0x000001b1e2df3000 	C:\Users\fiona\.openjfx\cache\21.0.1+6\amd64\api-ms-win-core-rtlsupport-l1-1-0.dll
0x000001b1e2e00000 - 0x000001b1e2e03000 	C:\Users\fiona\.openjfx\cache\21.0.1+6\amd64\api-ms-win-core-string-l1-1-0.dll
0x000001b1e2e10000 - 0x000001b1e2e13000 	C:\Users\fiona\.openjfx\cache\21.0.1+6\amd64\api-ms-win-core-synch-l1-1-0.dll
0x000001b1e2e20000 - 0x000001b1e2e23000 	C:\Users\fiona\.openjfx\cache\21.0.1+6\amd64\api-ms-win-core-synch-l1-2-0.dll
0x000001b1e2e30000 - 0x000001b1e2e33000 	C:\Users\fiona\.openjfx\cache\21.0.1+6\amd64\api-ms-win-core-sysinfo-l1-1-0.dll
0x000001b1e2e40000 - 0x000001b1e2e43000 	C:\Users\fiona\.openjfx\cache\21.0.1+6\amd64\api-ms-win-core-timezone-l1-1-0.dll
0x000001b1e2e50000 - 0x000001b1e2e53000 	C:\Users\fiona\.openjfx\cache\21.0.1+6\amd64\api-ms-win-core-util-l1-1-0.dll
0x000001b1e2e60000 - 0x000001b1e2e63000 	C:\Users\fiona\.openjfx\cache\21.0.1+6\amd64\api-ms-win-crt-conio-l1-1-0.dll
0x000001b1e2e70000 - 0x000001b1e2e74000 	C:\Users\fiona\.openjfx\cache\21.0.1+6\amd64\api-ms-win-crt-convert-l1-1-0.dll
0x000001b1e2e80000 - 0x000001b1e2e83000 	C:\Users\fiona\.openjfx\cache\21.0.1+6\amd64\api-ms-win-crt-environment-l1-1-0.dll
0x000001b1e2e90000 - 0x000001b1e2e93000 	C:\Users\fiona\.openjfx\cache\21.0.1+6\amd64\api-ms-win-crt-filesystem-l1-1-0.dll
0x000001b1e2ea0000 - 0x000001b1e2ea3000 	C:\Users\fiona\.openjfx\cache\21.0.1+6\amd64\api-ms-win-crt-heap-l1-1-0.dll
0x000001b1e2eb0000 - 0x000001b1e2eb3000 	C:\Users\fiona\.openjfx\cache\21.0.1+6\amd64\api-ms-win-crt-locale-l1-1-0.dll
0x000001b1e2ec0000 - 0x000001b1e2ec5000 	C:\Users\fiona\.openjfx\cache\21.0.1+6\amd64\api-ms-win-crt-math-l1-1-0.dll
0x000001b1e2ed0000 - 0x000001b1e2ed5000 	C:\Users\fiona\.openjfx\cache\21.0.1+6\amd64\api-ms-win-crt-multibyte-l1-1-0.dll
0x000001b1e2ee0000 - 0x000001b1e2ef0000 	C:\Users\fiona\.openjfx\cache\21.0.1+6\amd64\api-ms-win-crt-private-l1-1-0.dll
0x000001b1e2ef0000 - 0x000001b1e2ef3000 	C:\Users\fiona\.openjfx\cache\21.0.1+6\amd64\api-ms-win-crt-process-l1-1-0.dll
0x000001b1e2f00000 - 0x000001b1e2f04000 	C:\Users\fiona\.openjfx\cache\21.0.1+6\amd64\api-ms-win-crt-runtime-l1-1-0.dll
0x000001b1e2f10000 - 0x000001b1e2f14000 	C:\Users\fiona\.openjfx\cache\21.0.1+6\amd64\api-ms-win-crt-stdio-l1-1-0.dll
0x000001b1e2f20000 - 0x000001b1e2f24000 	C:\Users\fiona\.openjfx\cache\21.0.1+6\amd64\api-ms-win-crt-string-l1-1-0.dll
0x000001b1e2f30000 - 0x000001b1e2f33000 	C:\Users\fiona\.openjfx\cache\21.0.1+6\amd64\api-ms-win-crt-time-l1-1-0.dll
0x000001b1e2f40000 - 0x000001b1e2f43000 	C:\Users\fiona\.openjfx\cache\21.0.1+6\amd64\api-ms-win-crt-utility-l1-1-0.dll
0x00007ffb4a910000 - 0x00007ffb4aa0c000 	C:\Users\fiona\.openjfx\cache\21.0.1+6\amd64\ucrtbase.dll
0x00007ffb55000000 - 0x00007ffb5501b000 	C:\Users\fiona\.openjfx\cache\21.0.1+6\amd64\vcruntime140.dll
0x00007ffb55160000 - 0x00007ffb5516c000 	C:\Users\fiona\.openjfx\cache\21.0.1+6\amd64\vcruntime140_1.dll
0x00007ffb4ce00000 - 0x00007ffb4ce8e000 	C:\Users\fiona\.openjfx\cache\21.0.1+6\amd64\msvcp140.dll
0x00007ffb610d0000 - 0x00007ffb61270000 	C:\Windows\System32\ole32.dll
0x00007ffb54fe0000 - 0x00007ffb54fe9000 	C:\Users\fiona\.openjfx\cache\21.0.1+6\amd64\msvcp140_1.dll
0x00007ffb53e00000 - 0x00007ffb53e2f000 	C:\Users\fiona\.openjfx\cache\21.0.1+6\amd64\msvcp140_2.dll
0x00007ffb53d30000 - 0x00007ffb53d5f000 	C:\Users\fiona\.openjfx\cache\21.0.1+6\amd64\prism_d3d.dll
0x00007ffae4ad0000 - 0x00007ffae4c79000 	C:\Windows\system32\d3d9.dll
0x00007ffb5be80000 - 0x00007ffb5beab000 	C:\Windows\SYSTEM32\dwmapi.dll
0x00007ffb5bd30000 - 0x00007ffb5bd66000 	C:\Windows\SYSTEM32\dxcore.dll
0x00007ffb5bc50000 - 0x00007ffb5bcfb000 	C:\Windows\system32\uxtheme.dll
0x00007ffb59450000 - 0x00007ffb5949a000 	C:\Windows\SYSTEM32\directxdatabasehelper.dll
0x00007ffb4ebb0000 - 0x00007ffb4ebf2000 	C:\Users\fiona\.openjfx\cache\21.0.1+6\amd64\glass.dll
0x00007ffb5f7a0000 - 0x00007ffb5f899000 	C:\Windows\System32\COMDLG32.dll
0x00007ffb5f8c0000 - 0x00007ffb5fa0f000 	C:\Windows\System32\MSCTF.dll
0x00007ffb53d10000 - 0x00007ffb53d24000 	C:\Users\fiona\.openjfx\cache\21.0.1+6\amd64\javafx_font.dll
0x00007ffb5a660000 - 0x00007ffb5a8d3000 	C:\Windows\SYSTEM32\dwrite.dll
0x00007ffb5dea0000 - 0x00007ffb5debb000 	C:\Windows\SYSTEM32\CRYPTSP.dll
0x00007ffb5d6a0000 - 0x00007ffb5d6d5000 	C:\Windows\system32\rsaenh.dll
0x00007ffb5dd40000 - 0x00007ffb5dd6c000 	C:\Windows\SYSTEM32\USERENV.dll
0x00007ffb5e110000 - 0x00007ffb5e138000 	C:\Windows\SYSTEM32\bcrypt.dll
0x00007ffb5dec0000 - 0x00007ffb5decc000 	C:\Windows\SYSTEM32\CRYPTBASE.dll
0x00007ffb60000000 - 0x00007ffb60009000 	C:\Windows\System32\NSI.dll
0x00007ffb55d70000 - 0x00007ffb55d89000 	C:\Windows\SYSTEM32\dhcpcsvc6.DLL
0x00007ffb55b80000 - 0x00007ffb55b9f000 	C:\Windows\SYSTEM32\dhcpcsvc.DLL
0x00007ffb5d1d0000 - 0x00007ffb5d2c9000 	C:\Windows\SYSTEM32\DNSAPI.dll
0x00007ffb551a0000 - 0x00007ffb551ae000 	C:\Users\fiona\.jdks\corretto-17.0.9\bin\sunmscapi.dll
0x00007ffb5ef30000 - 0x00007ffb5f096000 	C:\Windows\System32\CRYPT32.dll
0x00007ffb5e0e0000 - 0x00007ffb5e10d000 	C:\Windows\SYSTEM32\ncrypt.dll
0x00007ffb5e050000 - 0x00007ffb5e087000 	C:\Windows\SYSTEM32\NTASN1.dll
0x00007ffb56cf0000 - 0x00007ffb56cfa000 	C:\Windows\System32\rasadhlp.dll
0x00007ffb549b0000 - 0x00007ffb54a33000 	C:\Windows\System32\fwpuclnt.dll
0x00007ffb5f140000 - 0x00007ffb5f1f0000 	C:\Windows\System32\clbcatq.dll
0x00007ffb5a4b0000 - 0x00007ffb5a660000 	C:\Windows\SYSTEM32\WindowsCodecs.dll
0x00007ffb48370000 - 0x00007ffb483ce000 	C:\Windows\system32\dataexchange.dll

dbghelp: loaded successfully - version: 4.0.5 - missing functions: none
symbol engine: initialized successfully - sym options: 0x614 - pdb path: .;C:\Users\fiona\.jdks\corretto-17.0.9\bin;C:\Windows\SYSTEM32;C:\Windows\WinSxS\amd64_microsoft.windows.common-controls_6595b64144ccf1df_6.0.22621.2506_none_270c5ae97388e100;C:\Users\fiona\.jdks\corretto-17.0.9\bin\server;C:\Users\fiona\.openjfx\cache\21.0.1+6\amd64;C:\Windows\System32\DriverStore\FileRepository\u0395598.inf_amd64_ddc78b0127c2a6a5\B394313;C:\Program Files\Common Files\Microsoft Shared\Ink

VM Arguments:
jvm_args: -agentlib:jdwp=transport=dt_socket,address=127.0.0.1:60609,suspend=y,server=n -javaagent:C:\Users\fiona\AppData\Local\JetBrains\IntelliJIdea2023.2\captureAgent\debugger-agent.jar -Dfile.encoding=UTF-8 
java_command: cs308.group7.usms.App
java_class_path (initial): C:\Users\fiona\OneDrive - University of Strathclyde\Strathclyde\Year 3\CS308 Building Software Systems\cs308-usms\target\classes;C:\Users\fiona\.m2\repository\com\zaxxer\HikariCP\5.0.1\HikariCP-5.0.1.jar;C:\Users\fiona\.m2\repository\com\mysql\mysql-connector-j\8.0.33\mysql-connector-j-8.0.33.jar;C:\Users\fiona\.m2\repository\com\google\protobuf\protobuf-java\3.21.9\protobuf-java-3.21.9.jar;C:\Users\fiona\.m2\repository\org\slf4j\slf4j-api\2.0.9\slf4j-api-2.0.9.jar;C:\Users\fiona\.m2\repository\org\slf4j\slf4j-jdk14\2.0.9\slf4j-jdk14-2.0.9.jar;C:\Users\fiona\.m2\repository\org\openjfx\javafx-controls\21.0.1\javafx-controls-21.0.1.jar;C:\Users\fiona\.m2\repository\org\openjfx\javafx-controls\21.0.1\javafx-controls-21.0.1-win.jar;C:\Users\fiona\.m2\repository\org\openjfx\javafx-graphics\21.0.1\javafx-graphics-21.0.1.jar;C:\Users\fiona\.m2\repository\org\openjfx\javafx-graphics\21.0.1\javafx-graphics-21.0.1-win.jar;C:\Users\fiona\.m2\repository\org\openjfx\javafx-base\21.0.1\javafx-base-21.0.1.jar;C:\Users\fiona\.m2\repository\org\openjfx\javafx-base\21.0.1\javafx-base-21.0.1-win.jar;C:\Users\fiona\.m2\repository\org\jetbrains\annotations\24.0.1\annotations-24.0.1.jar;C:\Users\fiona\.m2\repository\org\kordamp\ikonli\ikonli-core\12.3.1\ikonli-core-12.3.1.jar;C:\Users\fiona\.m2\repository\org\kordamp\ikonli\ikonli-javafx\12.3.1\ikonli-javafx-12.3.1.jar;C:\Users\fiona\.m2\repository\org\kordamp\ikonli\ikonli-fontawesome5-pack\12.3.1\ikonli-fontawesome5-pack-12.3.1.jar;C:\Users\fiona\.m2\repository\org\jpedal\OpenViewerFX\7.12.28\OpenViewerFX-7.12.28.jar;C:\Users\fiona\.m2\repository\org\eclipse\birt\runtime\3_7_1\org.mozilla.javascript\1.7.2\org.mozilla.javascript-1.7.2.jar;C:\Users\fiona\.m2\repository\bouncycastle\bcprov-jdk16\140\bcprov-jdk16-140.jar;C:\Users\fiona\.m2\repository\bouncycastle\bcmail-jdk16\140\bcmail-jdk16-140.jar;C:\Users\fiona\.m2\repository\org\openjfx\javafx-swing\11-ea+24\javafx-swing-11-ea+24.jar;C:\Users\fiona\.m2\rep
Launcher Type: SUN_STANDARD

[Global flags]
     intx CICompilerCount                          = 12                                        {product} {ergonomic}
     uint ConcGCThreads                            = 3                                         {product} {ergonomic}
     uint G1ConcRefinementThreads                  = 13                                        {product} {ergonomic}
   size_t G1HeapRegionSize                         = 1048576                                   {product} {ergonomic}
    uintx GCDrainStackTargetSize                   = 64                                        {product} {ergonomic}
   size_t InitialHeapSize                          = 123731968                                 {product} {ergonomic}
   size_t MarkStackSize                            = 4194304                                   {product} {ergonomic}
   size_t MaxHeapSize                              = 1975517184                                {product} {ergonomic}
   size_t MaxNewSize                               = 1184890880                                {product} {ergonomic}
   size_t MinHeapDeltaBytes                        = 1048576                                   {product} {ergonomic}
   size_t MinHeapSize                              = 8388608                                   {product} {ergonomic}
    uintx NonNMethodCodeHeapSize                   = 7602480                                {pd product} {ergonomic}
    uintx NonProfiledCodeHeapSize                  = 122027880                              {pd product} {ergonomic}
    uintx ProfiledCodeHeapSize                     = 122027880                              {pd product} {ergonomic}
    uintx ReservedCodeCacheSize                    = 251658240                              {pd product} {ergonomic}
     bool SegmentedCodeCache                       = true                                      {product} {ergonomic}
   size_t SoftMaxHeapSize                          = 1975517184                             {manageable} {ergonomic}
     bool UseCompressedClassPointers               = true                           {product lp64_product} {ergonomic}
     bool UseCompressedOops                        = true                           {product lp64_product} {ergonomic}
     bool UseG1GC                                  = true                                      {product} {ergonomic}
     bool UseLargePagesIndividualAllocation        = false                                  {pd product} {ergonomic}

Logging:
Log output configuration:
 #0: stdout all=off uptime,level,tags
 #1: stderr all=off uptime,level,tags

Environment Variables:
JAVA_HOME=C:\Users\fiona\.jdks\corretto-17.0.9\bin
PATH=C:\Python312\Scripts\;C:\Python312\;C:\Program Files (x86)\Common Files\Oracle\Java\javapath;C:\Windows\system32;C:\Windows;C:\Windows\System32\Wbem;C:\Windows\System32\WindowsPowerShell\v1.0\;C:\Windows\System32\OpenSSH\;C:\Program Files\dotnet\;C:\Program Files\Git\cmd;C:\ProgramData\chocolatey\bin;C:\Program Files\nodejs\;C:\Ruby32-x64\bin;C:\Program Files\MySQL\MySQL Shell 8.0\bin\;C:\Users\fiona\AppData\Local\Microsoft\WindowsApps;C:\Users\fiona\AppData\Local\Programs\Microsoft VS Code\bin;C:\Users\fiona\AppData\Local\GitHubDesktop\bin;C:\Users\fiona\AppData\Local\Programs\oh-my-posh\bin;C:\ghcup\bin;C:\Users\fiona\AppData\Local\JetBrains\Toolbox\scripts;C:\Users\fiona\AppData\Roaming\npm
USERNAME=fiona
OS=Windows_NT
PROCESSOR_IDENTIFIER=AMD64 Family 23 Model 104 Stepping 1, AuthenticAMD
TMP=C:\Users\fiona\AppData\Local\Temp
TEMP=C:\Users\fiona\AppData\Local\Temp



Periodic native trim disabled


---------------  S Y S T E M  ---------------

OS:
 Windows 11 , 64 bit Build 22621 (10.0.22621.2506)
OS uptime: 8 days 0:21 hours
Hyper-V role detected

CPU: total 16 (initial active 16) (16 cores per cpu, 2 threads per core) family 23 model 104 stepping 1 microcode 0x0, cx8, cmov, fxsr, ht, mmx, 3dnowpref, sse, sse2, sse3, ssse3, sse4a, sse4.1, sse4.2, popcnt, lzcnt, tsc, tscinvbit, avx, avx2, aes, clmul, bmi1, bmi2, adx, sha, fma, vzeroupper, clflush, clflushopt, hv
Processor Information for all 16 processors :
  Max Mhz: 1801, Current Mhz: 1440, Mhz Limit: 1801

Memory: 4k page, system-wide physical 7528M (534M free)
TotalPageFile size 15720M (AvailPageFile size 3470M)
current process WorkingSet (physical memory assigned to process): 188M, peak: 217M
current process commit charge ("private bytes"): 320M, peak: 352M

vm_info: OpenJDK 64-Bit Server VM (17.0.9+8-LTS) for windows-amd64 JRE (17.0.9+8-LTS), built on Oct 12 2023 16:15:33 by "Administrator" with MS VC++ 16.10 / 16.11 (VS2019)

END.
